build/app/intermediates/manifest_merge_blame_file/debug/manifest-merger-blame-debug-report.txt
1<?xml version="1.0" encoding="utf-8"?>
2<manifest xmlns:android="http://schemas.android.com/apk/res/android"
3    package="com.medicalapp.supply192"
4    android:versionCode="5"
5    android:versionName="1.1.2" >
6
7    <uses-sdk
8        android:minSdkVersion="21"
9        android:targetSdkVersion="30" />
10    <!--
11         Flutter needs it to communicate with the running application
12         to allow setting breakpoints, to provide hot reload, etc.
13    -->
14    <uses-permission android:name="android.permission.INTERNET" />
14-->src\debug\AndroidManifest.xml:6:5-66
14-->src\debug\AndroidManifest.xml:6:22-64
15
16    <queries>
16-->src\main\AndroidManifest.xml:4:5-17:15
17        <intent>
17-->src\main\AndroidManifest.xml:5:9-8:18
18            <action android:name="android.intent.action.VIEW" />
18-->src\main\AndroidManifest.xml:6:13-65
18-->src\main\AndroidManifest.xml:6:21-62
19
20            <data android:scheme="https" />
20-->src\main\AndroidManifest.xml:7:13-44
20-->src\main\AndroidManifest.xml:7:19-41
21        </intent>
22        <intent>
22-->src\main\AndroidManifest.xml:9:9-12:18
23            <action android:name="android.intent.action.DIAL" />
23-->src\main\AndroidManifest.xml:10:13-65
23-->src\main\AndroidManifest.xml:10:21-62
24
25            <data android:scheme="tel" />
25-->src\main\AndroidManifest.xml:7:13-44
25-->src\main\AndroidManifest.xml:7:19-41
26        </intent>
27        <intent>
27-->src\main\AndroidManifest.xml:13:9-16:18
28            <action android:name="android.intent.action.SEND" />
28-->src\main\AndroidManifest.xml:14:13-65
28-->src\main\AndroidManifest.xml:14:21-62
29
30            <data android:mimeType="*/*" />
30-->src\main\AndroidManifest.xml:7:13-44
31        </intent>
32    </queries>
33    <queries>
33-->src\main\AndroidManifest.xml:4:5-17:15
34        <intent>
34-->src\main\AndroidManifest.xml:9:9-12:18
35            <action android:name="android.intent.action.DIAL" />
35-->src\main\AndroidManifest.xml:10:13-65
35-->src\main\AndroidManifest.xml:10:21-62
36
37            <data android:scheme="tel" />
37-->src\main\AndroidManifest.xml:7:13-44
37-->src\main\AndroidManifest.xml:7:19-41
38        </intent>
39    </queries>
40
41    <uses-permission android:name="android.permission.READ_EXTERNAL_STORAGE" />
41-->[:image_picker] AndroidManifest.xml:7:5-80
41-->[:image_picker] AndroidManifest.xml:7:22-77
42    <uses-permission android:name="android.permission.WRITE_EXTERNAL_STORAGE" />
42-->[:image_picker] AndroidManifest.xml:8:5-81
42-->[:image_picker] AndroidManifest.xml:8:22-78
43    <uses-permission android:name="android.permission.ACCESS_NETWORK_STATE" />
43-->[com.google.firebase:firebase-auth:20.0.1] AndroidManifest.xml:24:5-79
43-->[com.google.firebase:firebase-auth:20.0.1] AndroidManifest.xml:24:22-76
44
45    <application
45-->src\main\AndroidManifest.xml:26:4-63:19
46        android:appComponentFactory="androidx.core.app.CoreComponentFactory"
46-->[androidx.core:core:1.1.0] AndroidManifest.xml:24:18-86
47        android:debuggable="true"
48        android:icon="@mipmap/ic_launcher"
48-->src\main\AndroidManifest.xml:28:9-43
49        android:label="Supply 19" >
49-->src\main\AndroidManifest.xml:27:9-34
50        <activity
50-->src\main\AndroidManifest.xml:29:9-57:20
51            android:name="com.medicalapp.supply192.MainActivity"
51-->src\main\AndroidManifest.xml:30:13-41
52            android:configChanges="orientation|keyboardHidden|keyboard|screenSize|smallestScreenSize|locale|layoutDirection|fontScale|screenLayout|density|uiMode"
52-->src\main\AndroidManifest.xml:33:13-163
53            android:hardwareAccelerated="true"
53-->src\main\AndroidManifest.xml:34:13-47
54            android:launchMode="singleTop"
54-->src\main\AndroidManifest.xml:31:13-43
55            android:theme="@style/LaunchTheme"
55-->src\main\AndroidManifest.xml:32:13-47
56            android:windowSoftInputMode="adjustResize" >
56-->src\main\AndroidManifest.xml:35:13-55
57
58            <!--
59                 Specifies an Android theme to apply to this Activity as soon as
60                 the Android process has started. This theme is visible to the user
61                 while the Flutter UI initializes. After that, this theme continues
62                 to determine the Window background behind the Flutter UI.
63            -->
64            <meta-data
64-->src\main\AndroidManifest.xml:40:13-43:17
65                android:name="io.flutter.embedding.android.NormalTheme"
65-->src\main\AndroidManifest.xml:41:15-70
66                android:resource="@style/NormalTheme" />
66-->src\main\AndroidManifest.xml:42:15-52
67            <!--
68                 Displays an Android View that continues showing the launch screen
69                 Drawable until Flutter paints its first frame, then this splash
70                 screen fades out. A splash screen is useful to avoid any visual
71                 gap between the end of Android's launch screen and the painting of
72                 Flutter's first frame.
73            -->
74            <meta-data
74-->src\main\AndroidManifest.xml:49:13-52:17
75                android:name="io.flutter.embedding.android.SplashScreenDrawable"
75-->src\main\AndroidManifest.xml:50:15-79
76                android:resource="@drawable/launch_background" />
76-->src\main\AndroidManifest.xml:51:15-61
77
78            <intent-filter>
78-->src\main\AndroidManifest.xml:53:13-56:29
79                <action android:name="android.intent.action.MAIN" />
79-->src\main\AndroidManifest.xml:54:17-68
79-->src\main\AndroidManifest.xml:54:25-66
80
81                <category android:name="android.intent.category.LAUNCHER" />
81-->src\main\AndroidManifest.xml:55:17-76
81-->src\main\AndroidManifest.xml:55:27-74
82            </intent-filter>
83        </activity>
84        <!--
85             Don't delete the meta-data below.
86             This is used by the Flutter tool to generate GeneratedPluginRegistrant.java
87        -->
88        <meta-data
88-->src\main\AndroidManifest.xml:60:9-62:33
89            android:name="flutterEmbedding"
89-->src\main\AndroidManifest.xml:61:13-44
90            android:value="2" />
90-->src\main\AndroidManifest.xml:62:13-30
91
92        <service
92-->[:firebase_auth] AndroidManifest.xml:8:9-12:19
93            android:name="com.google.firebase.components.ComponentDiscoveryService"
93-->[:firebase_auth] AndroidManifest.xml:8:18-89
94            android:directBootAware="true"
94-->[com.google.firebase:firebase-common:19.5.0] AndroidManifest.xml:35:13-43
95            android:exported="false" >
95-->[com.google.firebase:firebase-auth:20.0.1] AndroidManifest.xml:76:13-37
96            <meta-data
96-->[:firebase_auth] AndroidManifest.xml:9:13-11:85
97                android:name="com.google.firebase.components:io.flutter.plugins.firebase.auth.FlutterFirebaseAuthRegistrar"
97-->[:firebase_auth] AndroidManifest.xml:10:17-124
98                android:value="com.google.firebase.components.ComponentRegistrar" />
98-->[:firebase_auth] AndroidManifest.xml:11:17-82
99            <meta-data
99-->[:firebase_database] AndroidManifest.xml:9:13-11:85
100                android:name="com.google.firebase.components:io.flutter.plugins.firebase.database.FlutterFirebaseAppRegistrar"
100-->[:firebase_database] AndroidManifest.xml:10:17-127
101                android:value="com.google.firebase.components.ComponentRegistrar" />
101-->[:firebase_database] AndroidManifest.xml:11:17-82
102            <meta-data
102-->[:firebase_storage] AndroidManifest.xml:9:13-11:85
103                android:name="com.google.firebase.components:io.flutter.plugins.firebase.storage.FlutterFirebaseAppRegistrar"
103-->[:firebase_storage] AndroidManifest.xml:10:17-126
104                android:value="com.google.firebase.components.ComponentRegistrar" />
104-->[:firebase_storage] AndroidManifest.xml:11:17-82
105            <meta-data
105-->[:firebase_core] AndroidManifest.xml:9:13-11:85
106                android:name="com.google.firebase.components:io.flutter.plugins.firebase.core.FlutterFirebaseCoreRegistrar"
106-->[:firebase_core] AndroidManifest.xml:10:17-124
107                android:value="com.google.firebase.components.ComponentRegistrar" />
107-->[:firebase_core] AndroidManifest.xml:11:17-82
108            <meta-data
108-->[com.google.firebase:firebase-auth:20.0.1] AndroidManifest.xml:77:13-79:85
109                android:name="com.google.firebase.components:com.google.firebase.auth.FirebaseAuthRegistrar"
109-->[com.google.firebase:firebase-auth:20.0.1] AndroidManifest.xml:78:17-109
110                android:value="com.google.firebase.components.ComponentRegistrar" />
110-->[com.google.firebase:firebase-auth:20.0.1] AndroidManifest.xml:79:17-82
111            <meta-data
111-->[com.google.firebase:firebase-storage:19.2.1] AndroidManifest.xml:33:13-35:85
112                android:name="com.google.firebase.components:com.google.firebase.storage.StorageRegistrar"
112-->[com.google.firebase:firebase-storage:19.2.1] AndroidManifest.xml:34:17-107
113                android:value="com.google.firebase.components.ComponentRegistrar" />
113-->[com.google.firebase:firebase-storage:19.2.1] AndroidManifest.xml:35:17-82
114            <meta-data
114-->[com.google.firebase:firebase-database:19.6.0] AndroidManifest.xml:32:13-34:85
115                android:name="com.google.firebase.components:com.google.firebase.database.DatabaseRegistrar"
115-->[com.google.firebase:firebase-database:19.6.0] AndroidManifest.xml:33:17-109
116                android:value="com.google.firebase.components.ComponentRegistrar" />
116-->[com.google.firebase:firebase-database:19.6.0] AndroidManifest.xml:34:17-82
117            <!--
118                This registrar is not defined in the dynamic-module-support sdk itself to allow non-firebase
119                clients to use it as well, by defining this registrar in their own core/common library.
120            -->
121            <meta-data
121-->[com.google.firebase:firebase-common:19.5.0] AndroidManifest.xml:43:13-45:85
122                android:name="com.google.firebase.components:com.google.firebase.dynamicloading.DynamicLoadingRegistrar"
122-->[com.google.firebase:firebase-common:19.5.0] AndroidManifest.xml:44:17-121
123                android:value="com.google.firebase.components.ComponentRegistrar" />
123-->[com.google.firebase:firebase-common:19.5.0] AndroidManifest.xml:45:17-82
124        </service>
125
126        <provider
126-->[:image_picker] AndroidManifest.xml:11:9-19:20
127            android:name="io.flutter.plugins.imagepicker.ImagePickerFileProvider"
127-->[:image_picker] AndroidManifest.xml:12:13-82
128            android:authorities="com.medicalapp.supply192.flutter.image_provider"
128-->[:image_picker] AndroidManifest.xml:13:13-74
129            android:exported="false"
129-->[:image_picker] AndroidManifest.xml:14:13-37
130            android:grantUriPermissions="true" >
130-->[:image_picker] AndroidManifest.xml:15:13-47
131            <meta-data
131-->[:image_picker] AndroidManifest.xml:16:13-18:75
132                android:name="android.support.FILE_PROVIDER_PATHS"
132-->[:image_picker] AndroidManifest.xml:17:17-67
133                android:resource="@xml/flutter_image_picker_file_paths" />
133-->[:image_picker] AndroidManifest.xml:18:17-72
134        </provider>
135
136        <activity
136-->[:url_launcher] AndroidManifest.xml:8:9-11:74
137            android:name="io.flutter.plugins.urllauncher.WebViewActivity"
137-->[:url_launcher] AndroidManifest.xml:9:13-74
138            android:exported="false"
138-->[:url_launcher] AndroidManifest.xml:10:13-37
139            android:theme="@android:style/Theme.NoTitleBar.Fullscreen" />
139-->[:url_launcher] AndroidManifest.xml:11:13-71
140        <activity
140-->[com.google.firebase:firebase-auth:20.0.1] AndroidManifest.xml:27:9-44:20
141            android:name="com.google.firebase.auth.internal.GenericIdpActivity"
141-->[com.google.firebase:firebase-auth:20.0.1] AndroidManifest.xml:28:13-80
142            android:excludeFromRecents="true"
142-->[com.google.firebase:firebase-auth:20.0.1] AndroidManifest.xml:29:13-46
143            android:exported="true"
143-->[com.google.firebase:firebase-auth:20.0.1] AndroidManifest.xml:30:13-36
144            android:launchMode="singleTask"
144-->[com.google.firebase:firebase-auth:20.0.1] AndroidManifest.xml:31:13-44
145            android:theme="@android:style/Theme.Translucent.NoTitleBar" >
145-->[com.google.firebase:firebase-auth:20.0.1] AndroidManifest.xml:32:13-72
146            <intent-filter>
146-->[com.google.firebase:firebase-auth:20.0.1] AndroidManifest.xml:33:13-43:29
147                <action android:name="android.intent.action.VIEW" />
147-->src\main\AndroidManifest.xml:6:13-65
147-->src\main\AndroidManifest.xml:6:21-62
148
149                <category android:name="android.intent.category.DEFAULT" />
149-->[com.google.firebase:firebase-auth:20.0.1] AndroidManifest.xml:36:17-76
149-->[com.google.firebase:firebase-auth:20.0.1] AndroidManifest.xml:36:27-73
150                <category android:name="android.intent.category.BROWSABLE" />
150-->[com.google.firebase:firebase-auth:20.0.1] AndroidManifest.xml:37:17-78
150-->[com.google.firebase:firebase-auth:20.0.1] AndroidManifest.xml:37:27-75
151
152                <data
152-->src\main\AndroidManifest.xml:7:13-44
153                    android:host="firebase.auth"
154                    android:path="/"
155                    android:scheme="genericidp" />
155-->src\main\AndroidManifest.xml:7:19-41
156            </intent-filter>
157        </activity>
158        <activity
158-->[com.google.firebase:firebase-auth:20.0.1] AndroidManifest.xml:45:9-62:20
159            android:name="com.google.firebase.auth.internal.RecaptchaActivity"
159-->[com.google.firebase:firebase-auth:20.0.1] AndroidManifest.xml:46:13-79
160            android:excludeFromRecents="true"
160-->[com.google.firebase:firebase-auth:20.0.1] AndroidManifest.xml:47:13-46
161            android:exported="true"
161-->[com.google.firebase:firebase-auth:20.0.1] AndroidManifest.xml:48:13-36
162            android:launchMode="singleTask"
162-->[com.google.firebase:firebase-auth:20.0.1] AndroidManifest.xml:49:13-44
163            android:theme="@android:style/Theme.Translucent.NoTitleBar" >
163-->[com.google.firebase:firebase-auth:20.0.1] AndroidManifest.xml:50:13-72
164            <intent-filter>
164-->[com.google.firebase:firebase-auth:20.0.1] AndroidManifest.xml:51:13-61:29
165                <action android:name="android.intent.action.VIEW" />
165-->src\main\AndroidManifest.xml:6:13-65
165-->src\main\AndroidManifest.xml:6:21-62
166
167                <category android:name="android.intent.category.DEFAULT" />
167-->[com.google.firebase:firebase-auth:20.0.1] AndroidManifest.xml:36:17-76
167-->[com.google.firebase:firebase-auth:20.0.1] AndroidManifest.xml:36:27-73
168                <category android:name="android.intent.category.BROWSABLE" />
168-->[com.google.firebase:firebase-auth:20.0.1] AndroidManifest.xml:37:17-78
168-->[com.google.firebase:firebase-auth:20.0.1] AndroidManifest.xml:37:27-75
169
170                <data
170-->src\main\AndroidManifest.xml:7:13-44
171                    android:host="firebase.auth"
172                    android:path="/"
173                    android:scheme="recaptcha" />
173-->src\main\AndroidManifest.xml:7:19-41
174            </intent-filter>
175        </activity>
176
177        <service
177-->[com.google.firebase:firebase-auth:20.0.1] AndroidManifest.xml:64:9-73:19
178            android:name="com.google.firebase.auth.api.fallback.service.FirebaseAuthFallbackService"
178-->[com.google.firebase:firebase-auth:20.0.1] AndroidManifest.xml:65:13-101
179            android:enabled="true"
179-->[com.google.firebase:firebase-auth:20.0.1] AndroidManifest.xml:66:13-35
180            android:exported="false" >
180-->[com.google.firebase:firebase-auth:20.0.1] AndroidManifest.xml:67:13-37
181            <intent-filter>
181-->[com.google.firebase:firebase-auth:20.0.1] AndroidManifest.xml:68:13-72:29
182                <action android:name="com.google.firebase.auth.api.gms.service.START" />
182-->[com.google.firebase:firebase-auth:20.0.1] AndroidManifest.xml:69:17-89
182-->[com.google.firebase:firebase-auth:20.0.1] AndroidManifest.xml:69:25-86
183
184                <category android:name="android.intent.category.DEFAULT" />
184-->[com.google.firebase:firebase-auth:20.0.1] AndroidManifest.xml:36:17-76
184-->[com.google.firebase:firebase-auth:20.0.1] AndroidManifest.xml:36:27-73
185            </intent-filter>
186        </service>
187
188        <provider
188-->[com.google.firebase:firebase-common:19.5.0] AndroidManifest.xml:26:9-31:39
189            android:name="com.google.firebase.provider.FirebaseInitProvider"
189-->[com.google.firebase:firebase-common:19.5.0] AndroidManifest.xml:27:13-77
190            android:authorities="com.medicalapp.supply192.firebaseinitprovider"
190-->[com.google.firebase:firebase-common:19.5.0] AndroidManifest.xml:28:13-72
191            android:directBootAware="true"
191-->[com.google.firebase:firebase-common:19.5.0] AndroidManifest.xml:29:13-43
192            android:exported="false"
192-->[com.google.firebase:firebase-common:19.5.0] AndroidManifest.xml:30:13-37
193            android:initOrder="100" />
193-->[com.google.firebase:firebase-common:19.5.0] AndroidManifest.xml:31:13-36
194
195        <activity
195-->[com.google.android.gms:play-services-base:17.1.0] AndroidManifest.xml:23:9-26:75
196            android:name="com.google.android.gms.common.api.GoogleApiActivity"
196-->[com.google.android.gms:play-services-base:17.1.0] AndroidManifest.xml:24:13-79
197            android:exported="false"
197-->[com.google.android.gms:play-services-base:17.1.0] AndroidManifest.xml:25:13-37
198            android:theme="@android:style/Theme.Translucent.NoTitleBar" />
198-->[com.google.android.gms:play-services-base:17.1.0] AndroidManifest.xml:26:13-72
199
200        <meta-data
200-->[com.google.android.gms:play-services-basement:17.1.0] AndroidManifest.xml:23:9-25:69
201            android:name="com.google.android.gms.version"
201-->[com.google.android.gms:play-services-basement:17.1.0] AndroidManifest.xml:24:13-58
202            android:value="@integer/google_play_services_version" />
202-->[com.google.android.gms:play-services-basement:17.1.0] AndroidManifest.xml:25:13-66
203    </application>
204
205</manifest>